<?xml version="1.0" encoding="UTF-8"?>
<!-- Generated by org.testng.reporters.JUnitReportReporter -->
<testsuite skipped="0" hostname="BDC6-DX-6FS7NK2" name="PageOM.NewTest" tests="1" failures="0" timestamp="20 Nov 2019 06:52:07 GMT" time="17.931" errors="0">
  <testcase name="f" time="17.931" classname="PageOM.NewTest"/>
</testsuite> <!-- PageOM.NewTest -->
